2020-11-24 17:36:33 INFO  Main:128 - To this position 128
2020-11-24 17:36:33 INFO  Main:14 - File Input Command Executed
2020-11-24 17:41:48 INFO  Main:112 - Warehouse Management System Program START....
2020-11-24 17:41:51 INFO  Main:126 - To this position 128
2020-11-24 17:41:51 INFO  Main:14 - File Input Command Executed
2020-11-24 17:41:58 INFO  Main:126 - To this position 128
2020-11-24 17:41:58 INFO  Main:66 - System Input Command Executed
2020-11-24 17:42:21 INFO  Main:112 - Warehouse Management System Program START....
2020-11-24 17:42:27 INFO  Main:14 - File Input Command Executed
2020-11-24 17:42:41 INFO  Main:112 - Warehouse Management System Program START....
2020-11-24 17:42:42 INFO  Main:14 - File Input Command Executed
2020-11-24 17:43:24 INFO  Main:112 - Warehouse Management System Program START....
2020-11-24 17:43:25 INFO  Main:14 - File Input Command Executed
2020-11-24 17:43:39 INFO  Main:155 - Warehouse / Inventory Manager Program END. Thank you for using our program.
2020-11-24 17:47:37 INFO  Main:128 - Warehouse Management System Program START....
2020-11-24 17:47:40 INFO  Main:67 - System Input Command Executed
2020-11-24 17:48:23 INFO  Main:130 - Warehouse Management System Program START....
2020-11-24 17:48:24 INFO  Main:67 - System Input Command Executed
2020-11-24 17:48:42 INFO  Main:130 - Warehouse Management System Program START....
2020-11-24 17:48:43 INFO  Main:67 - System Input Command Executed
2020-11-24 17:49:46 INFO  Main:130 - Warehouse Management System Program START....
2020-11-24 17:49:47 INFO  Main:67 - System Input Command Executed
2020-11-24 17:50:39 INFO  Main:132 - Warehouse Management System Program START....
2020-11-24 17:50:40 INFO  Main:67 - System Input Command Executed
2020-11-24 17:51:14 INFO  Main:133 - Warehouse Management System Program START....
2020-11-24 17:51:15 INFO  Main:67 - System Input Command Executed
2020-11-24 17:51:19 INFO  Main:82 - To 82
2020-11-24 17:51:45 INFO  Main:132 - Warehouse Management System Program START....
2020-11-24 17:51:46 INFO  Main:67 - System Input Command Executed
2020-11-24 17:51:59 INFO  Main:81 - To 82
2020-11-24 17:52:40 INFO  Main:132 - Warehouse Management System Program START....
2020-11-24 17:52:41 INFO  Main:67 - System Input Command Executed
2020-11-24 17:52:46 INFO  Main:89 - Test
2020-11-24 17:52:56 INFO  Main:133 - Warehouse Management System Program START....
2020-11-24 17:52:57 INFO  Main:67 - System Input Command Executed
2020-11-24 17:53:01 INFO  Main:96 - Test
2020-11-24 17:53:07 INFO  Main:133 - Warehouse Management System Program START....
2020-11-24 17:53:15 INFO  Main:67 - System Input Command Executed
2020-11-24 17:56:15 INFO  Main:145 - Warehouse Management System Program START....
2020-11-24 17:56:16 INFO  Main:67 - System Input Command Executed
2020-11-24 17:56:40 INFO  Main:145 - Warehouse Management System Program START....
2020-11-24 17:57:37 INFO  Main:147 - Warehouse Management System Program START....
2020-11-24 17:57:38 INFO  Main:67 - System Input Command Executed
2020-11-24 17:57:44 INFO  Main:147 - Warehouse Management System Program START....
2020-11-24 17:57:45 INFO  Main:67 - System Input Command Executed
2020-11-24 17:58:23 INFO  Main:147 - Warehouse Management System Program START....
2020-11-24 17:58:25 INFO  Main:67 - System Input Command Executed
2020-11-24 23:08:24 INFO  Main:147 - Warehouse Management System Program START....
2020-11-24 23:08:49 INFO  Main:67 - System Input Command Executed
2020-11-24 23:09:42 ERROR Main:137 - EXCEPTION: Invalid Command!
2020-11-24 23:15:09 INFO  Main:147 - Warehouse Management System Program START....
2020-11-24 23:15:10 INFO  Main:67 - System Input Command Executed
2020-11-25 15:47:41 INFO  Main:147 - Warehouse Management System Program START....
2020-11-25 15:47:44 INFO  Main:12 - System Input Command Executed
2020-11-25 15:48:29 INFO  Main:147 - Warehouse Management System Program START....
2020-11-25 15:48:31 INFO  Main:12 - System Input Command Executed
2020-11-25 17:42:59 INFO  Main:147 - Warehouse Management System Program START....
2020-11-25 17:43:02 INFO  Main:12 - System Input Command Executed
2020-11-25 17:44:21 INFO  Main:147 - Warehouse Management System Program START....
2020-11-25 17:44:22 INFO  Main:12 - System Input Command Executed
2020-11-25 17:46:01 INFO  Main:147 - Warehouse Management System Program START....
2020-11-25 17:46:02 INFO  Main:12 - System Input Command Executed
2020-11-25 17:46:10 INFO  Main:41 - Checker
2020-11-25 17:47:15 INFO  Main:147 - Warehouse Management System Program START....
2020-11-25 17:47:16 INFO  Main:12 - System Input Command Executed
2020-11-25 17:47:21 INFO  Main:41 - Checker
2020-11-25 17:48:35 INFO  Main:147 - Warehouse Management System Program START....
2020-11-25 17:48:36 INFO  Main:12 - System Input Command Executed
2020-11-25 17:48:41 INFO  Main:41 - Checker
2020-11-25 17:49:06 INFO  Main:147 - Warehouse Management System Program START....
2020-11-25 17:49:07 INFO  Main:12 - System Input Command Executed
2020-11-25 17:51:12 INFO  Main:147 - Warehouse Management System Program START....
2020-11-25 17:51:13 INFO  Main:12 - System Input Command Executed
